<?xml version="1.0" encoding="UTF-8"?>
<!-- Generated by org.testng.reporters.JUnitReportReporter -->
<testsuite hostname="Mimo" failures="0" tests="1" name="Appiumproj.Appium.AppiumBasics" time="7.196" errors="0" timestamp="2023-04-01T18:44:06 IST" skipped="0">
  <testcase classname="Appiumproj.Appium.AppiumBasics" name="test1" time="7.196"/>
  <system-out/>
</testsuite> <!-- Appiumproj.Appium.AppiumBasics -->
